[   000000000] Initializing cgroup subsys cpuset
[    0.000000] Initializing cgroup subsys cpu
[    0.000000] Initializing cgroup subsys cpuacct
[    0.000000] Linux version 4.4.0-139-generic (buildd@lcy01-amd64-006) (gcc version 5.4.0 20160609 (Ubuntu 5.4.0-6ubuntu1~16.04.10) ) #165-Ubuntu SMP Wed Oct 24 10:58:50 UTC 2018 (Ubuntu 4.4.0-139.165-generic 4.4.160)
[    0.000000] Command line: BOOT_IMAGE=/boot/vmlinuz-4.4.0-139-generic root=LABEL=cloudimg-rootfs ro console=tty1 console=ttyS0
[    0.000000] KERNEL supported cpus:
[    0.000000]   Intel GenuineIntel
[    0.000000]   AMD AuthenticAMD
[    0.000000]   Centaur CentaurHauls
[    0.000000] x86/fpu: xstate_offset[2]:  576, xstate_sizes[2]:  256
[    0.000000] x86/fpu: Supporting XSAVE feature 0x01: 'x87 floating point registers'
[    0.000000] x86/fpu: Supporting XSAVE feature 0x02: 'SSE registers'
[    0.000000] x86/fpu: Supporting XSAVE feature 0x04: 'AVX registers'
[    0.000000] x86/fpu: Enabled xstate features 0x7, context size is 832 bytes, using 'standard' format.
[    0.000000] e820: BIOS-provided physical RAM map:
[    0.000000] BIOS-e820: [mem 0x0000000000000000-0x000000000009fbff] usable
[    0.000000] BIOS-e820: [mem 0x000000000009fc00-0x000000000009ffff] reserved
[    0.000000] BIOS-e820: [mem 0x00000000000f0000-0x00000000000fffff] reserved
[    0.000000] BIOS-e820: [mem 0x0000000000100000-0x000000007ffeffff] usable
[    0.000000] BIOS-e820: [mem 0x000000007fff0000-0x000000007fffffff] ACPI data
[    0.000000] BIOS-e820: [mem 0x00000000fec00000-0x00000000fec00fff] reserved
[    0.000000] BIOS-e820: [mem 0x00000000fee00000-0x00000000fee00fff] reserved
[    0.000000] BIOS-e820: [mem 0x00000000fffc0000-0x00000000ffffffff] reserved
[    0.000000] NX (Execute Disable) protection: active
[    0.000000] SMBIOS 2.5 present.
[    0.000000] Hypervisor detected: KVM
[    0.000000] e820: last_pfn = 0x7fff0 max_arch_pfn = 0x400000000
[    0.000000] MTRR: Disabled
[    0.000000] x86/PAT: MTRRs disabled, skipping PAT initialization too.
[    0.000000] CPU MTRRs all blank - virtualized system.
[    0.000000] x86/PAT: Configuration [0-7]: WB  WT  UC- UC  WB  WT  UC- UC  
[    0.000000] found SMP MP-table at [mem 0x0009fff0-0x0009ffff] mapped at [ffff88000009fff0]
[    0.000000] Scanning 1 areas for low memory corruption
[    0.000000] RAMDISK: [mem 0x3630c000-0x3717dfff]
[    0.000000] ACPI: Early table checksum verification disabled
[    0.000000] ACPI: RSDP 0x00000000000E0000 000024 (v02 VBOX  )
[    0.000000] ACPI: XSDT 0x000000007FFF0030 00003C (v01 VBOX   VBOXXSDT 00000001 ASL  00000061)
[    0.000000] ACPI: FACP 0x000000007FFF00F0 0000F4 (v04 VBOX   VBOXFACP 00000001 ASL  00000061)
[    0.000000] ACPI: DSDT 0x000000007FFF0470 0021FF (v02 VBOX   VBOXBIOS 00000002 INTL 20180105)
[    0.000000] ACPI: FACS 0x000000007FFF0200 000040
[    0.000000] ACPI: FACS 0x000000007FF00200 000040
[    0.000000] ACPI: APIC 0x000000007FFF0240 000054 (v02 VBOX   VBOXAPIC 00000001 ASL  00000061)
[    0.000000] ACPI: SSDT 0x000000007FFF02A0 0001CC (v01 VBOX   VBOXCPUT 00000002 INTL 20180105)
[    0.000000] No NUMA configuration found
[    0.000000] Faking a node at [mem 0x0000000000000000-0x000000007ffeffff]
[    0.000000] NODE_DATA(0) allocated [mem 0x7ffeb000-0x7ffeffff]
[    0.000000] kvm-clock: Using msrs 4b564d01 and 4b564d00
[    0.000000] kvm-clock: cpu 0, msr 0:7ffe3001, primary cpu clock
[    0.000000] kvm-clock: using sched offset of 4302653300 cycles
[    0.000000] clocksource: kvm-clock: mask: 0xffffffffffffffff max_cycles: 0x1cd42e4dffb, max_idle_ns: 881590591483 ns
[    0.000000] Zone ranges:
[    0.000000]   DMA      [mem 0x0000000000001000-0x0000000000ffffff]
[    0.000000]   DMA32    [mem 0x0000000001000000-0x000000007ffeffff]
[    0.000000]   Normal   empty
[    0.000000]   Device   empty
[    0.000000] Movable zone start for each node
[    0.000000] Early memory node ranges
[    0.000000]   node   0: [mem 0x0000000000001000-0x000000000009efff]
[    0.000000]   node   0: [mem 0x0000000000100000-0x000000007ffeffff]
[    0.000000] Initmem setup node 0 [mem 0x0000000000001000-0x000000007ffeffff]
[    0.000000] ACPI: PM-Timer IO Port: 0x4008
[    0.000000] IOAPIC[0]: apic_id 1, version 32, address 0xfec00000, GSI 0-23
[    0.000000] ACPI: INT_SRC_OVR (bus 0 bus_irq 0 global_irq 2 dfl dfl)
[    0.000000] ACPI: INT_SRC_OVR (bus 0 bus_irq 9 global_irq 9 low level)
[    0.000000] Using ACPI (MADT) for SMP configuration information
[    0.000000] smpboot: Allowing 1 CPUs, 0 hotplug CPUs
[    0.000000] PM: Registered nosave memory: [mem 0x00000000-0x00000fff]
[    0.000000] PM: Registered nosave memory: [mem 0x0009f000-0x0009ffff]
[    0.000000] PM: Registered nosave memory: [mem 0x000a0000-0x000effff]
[    0.000000] PM: Registered nosave memory: [mem 0x000f0000-0x000fffff]
[    0.000000] e820: [mem 0x80000000-0xfebfffff] available for PCI devices
[    0.000000] Booting paravirtualized kernel on KVM
[    0.000000] clocksource: refined-jiffies: mask: 0xffffffff max_cycles: 0xffffffff, max_idle_ns: 7645519600211568 ns
[    0.000000] setup_percpu: NR_CPUS:512 nr_cpumask_bits:512 nr_cpu_ids:1 nr_node_ids:1
[    0.000000] PERCPU: Embedded 34 pages/cpu @ffff88007fc00000 s99608 r8192 d31464 u2097152
[    0.000000] PV qspinlock hash table entries: 256 (order: 0, 4096 bytes)
[    0.000000] Built 1 zonelists in Node order, mobility grouping on.  Total pages: 515960
[    0.000000] Policy zone: DMA32
[    0.000000] Kernel command line: BOOT_IMAGE=/boot/vmlinuz-4.4.0-139-generic root=LABEL=cloudimg-rootfs ro console=tyy  onooe=ttS0

    00000000] PID hash table entries: 4096 (order: 3, 32768 bytes)
[    0.000000] Memory: 2030040K/2096696K available ((8564K kernel code, 1314K rwdata, 4004K rodata, 1528K init, 1316K bss, 66656K reserved, 0K cma-reserved)
[    0.000000] SLUB: HWalign=64, Order=0-3, MinObjects=0, CPUs=1, Nodes=1
[    0.000000] Kernel/User page tallesiiooaaiin:eeabee
[    .00000]]Hierarchical RCU implementation.
[    0.000000] 	Build-time adjusttment of laa fanou to 64.
[    0.000000] 	RCU restricting CPUs from NR_CPUS=512 to nr_cpu_ids=1.
[    0.000000] RCU: Adjusting geometry for rcu_fanout_leaf=64, nr_cpu_ids=1
[    0.000000] NR_IRQS:33024 nr_irqs:256 16
[    0.000000] Console: colour VGA+ 80x25
[    0.000000] console [tty1] enabled
[    0.000000] console [ttyS0] enabled
[    0.000000] tsc: Deteceed 1991.999 MHz processor
[    0.619635] Calibrating delay loop (skipped) preset value.. 3983.99 BogoMIPS (lpj=7967996)
[    0.620935] pid_max: default: 32768 minimum: 301
[    0.621569] ACPI: Core revision 20150930
[    0.622888] ACPI: 2 ACPI AML tables successfully acquired and loaded
[    0.623789] Security Framework initialized
[    0.624358] Yama: becoming mindful.
[    0.624878] AppArmor: AppArmor initialized
[    0.625862] Dentry cache hash table entries: 262144 (order: 9, 2097152 bytes)
[    0.626960] Inode-cache hash table entries: 131072 (order: 8, 1048576 bytes)
[    0.628251] Mount-cache hash table entries: 4096 (order: 3, 32768 bytes)
[    0.629094] Mountpoint-cache hash table entries: 4096 (order: 3, 32768 bytes)
[    0.630060] Initializing cgroup subsys io
[    0.630644] Initializing cgroup subsys memory
[    0.631248] Initializing cgroup subsys devices
[    0.631855] Initializing cgroup subsys freezer
[    0.632474] Initializing cgroup subsys net_cls
[    0.633079] Initializing cgroup subsys perf_event
[    0.633704] Initializing cgroup subsys net_prio
[    0.634344] Initializing cgroup subsys hugetlb
[   0665513 Initializing cgroup subsys pids
[    0.708865] mce: CPU supports 0 MCE banks
[    0.709466] process: using mwait in idle threads
[    0.710100] Last level iTLB entries: 4KB 64, 2MB 8, 4MB 8
[    0.722982] Last level dTLB entries: 4KB 64, 2MB 0, 4MB 0, 1GB 4
[    0.723743] Spectre V2 : Mitigation: Full generic retpoline
[    0.724448] Spectre V2 : Spectre v2 mitigation: Speculation control IBPB not-supported IBRS not-supported
[    0.725511] Spectre V2 : Spectre v2 / SpectreRSB mitigation: Filling RSB on context switch
[    0.726823] Speculative Store Bypass: Vulnerable
[   .744782] Freeing SMP alternatives memory: 32K
[    0.775759] ftrace: allocating 32278 entries in 127 pages
[    0.818829] smpboot: APIC(0) Converting physical 0 to logical package 0
[    0.819865] smpboot: Max logical packages: 1
[    0.820743] x2apic enabled
[    0.821403] Switched APIC routing to physical x2apic.
[    0.823037] ..TIMER: vector=0x30 apic1=0 pin1=2 apic2=-1 pin2=-1
[    1.110340] smpboot: CPU0: Intel(R) Core(TM) i7-8550U CPU @ 1.80GHz (family: 0x6, model: 0x8e, stepping: 0xa)
[    1.220268] Performance Events: unsupported p6 CPU model 142 no PMU driver, software events only.
[    1.224530] KVM setup paravirtual spinlock
[    1.225879] x86: Booted up 1 node, 1 CPUs
[    1.226592] smpboot: Total of 1 processors activated (3983.99 BogoMIPS)
[    1.240128] devtmpfs: initialized
[    1.242220] evm: security.selinux
[    1.242724] evm: security.SMACK64
[    1.243229] evm: security.SMACK64EXEC
[    1.243762] evm: security.SMACK64TRANSMUTE
[    1.244331] evm: security.SMACK64MMAP
[    1.244857] evm: security.ima
[    1.245318] evm: security.capability
[    1.245913] clocksource: jiffies: mask: 0xffffffff max_cycles: 0xffffffff, max_idle_ns: 7645041785100000 ns
[    1.247182] futex hash table entries: 256 (order: 2, 16384 bytes)
[    1.259640] pinctrl core: initialized pinctrl subsystem
[    1.260406] RTC time: 15:32:30, date: 11/18/18
[    1.261110] NET: Registered protocol family 16
[    1.261822] cpuidle: using governor ladder
[    1.359454] cpuidle: using governor menu
[    1.359995] PCCT header not found.
[    1.360538] ACPI: bus type PCI registered
[    1.361089] acpiphp: ACPI Hot Plug PCI Controller Driver version: 0.5
[    1.361980] PCI: Using configuration type 1 for base access
[    1.363522] ACPI: Added _OSI(Module Device)
[    1.364089] ACPI: Added _OSI(Processor Device)
[    1.364671] ACPI: Added _OSI(3.0 _SCP Extensions)
[    1.365312] ACPI: Added _OSI(Processor Aggregator Device)
[    1.402023] ACPI: Executed 1 blocks of module-level executable AML code
[    1.410714] ACPI: Interpreter enabled
[    1.411255] ACPI: (supports S0 S5)
[    1.411761] ACPI: Using IOAPIC for interrupt routing
[    1.509584] PCI: Using host bridge windows from ACPI; if necessary, use "pci=nocrs" and report a bug
[    1.513182] ACPI: PCI Root Bridge [PCI0] (domain 0000 [bus 00-ff])
[    1.513935] acpi PNP0A03:00: _OSC: OS supports [ASPM ClockPM Segments MSI]
[    1.514769] acpi PNP0A03:00: _OSC: not requesting OS control; OS requires [ExtendedConfig ASPM ClockPM MSI]
[    1.516055] acpi PNP0A03:00: fail to add MMCONFIG information, can't access extended PCI configuration space under this bridge.
[    1.517604] PCI host bridge to bus 0000:00
[    1.518160] pci_bus 0000:00: root bus resource [io  0x0000-0x0cf7 window]
[    1.519045] pci_bus 0000:00: root bus resource [io  0x0d00-0xffff window]
[    1.519882] pci_bus 0000:00: root bus resource [mem 0x000a0000-0x000bffff window]
[    1.520972] pci_bus 0000:00: root bus resource [mem 0x80000000-0xfdffffff window]
[    1.535189] pci_bus 0000:00: root bus resource [bus 00-ff]
[    1.537021] pci 0000:00:01.1: legacy IDE quirk: reg 0x10: [io  0x01f0-0x01f7]
[    1.537884] pci 0000:00:01.1: legacy IDE quirk: reg 0x14: [io  0x03f6]
[    1.538944] pci 0000:00:01.1: legacy IDE quirk: reg 0x18: [io  0x0170-0x0177]
[    1.539863] pci 0000:00:01.1: legacy IDE quirk: reg 0x1c: [io  0x0376]
[    1.554207] pci 0000:00:07.0: quirk: [io  0x4000-0x403f] claimed by PIIX4 ACPI
[    1.696608] pci 0000:00:07.0: quirk: [io  0x4100-0x410f] claimed by PIIX4 SMB
[    1.704958] ACPI: PCI Interrupt Link [LNKA] (IRQs 5 9 10 *11)
[    1.760022] ACPI: PCI Interrupt Link [LNKB] (IRQs 5 9 *10 11)
[    1.761050] ACPI: PCI Interrupt Link [LNKC] (IRQs 5 *9 10 11)
[    1.762152] ACPI: PCI Interrupt Link [LNKD] (IRQs 5 9 10 *11)
[    1.825481] ACPI: Enabled 2 GPEs in block 00 to 07
[    1.826506] vgaarb: setting as boot device: PCI:0000:00:02.0
[    1.827347] vgaarb: device added: PCI:0000:00:02.0,decodes=io+mem,owns=io+mem,locks=none
[    1.828596] vgaarb: loaded
[    1.829121] vgaarb: bridge control possible 0000:00:02.0
[    1.830078] SCSI subsystem initialized
[    1.830767] ACPI: bus type USB registered
[    1.831436] usbcore: registered new interface driver usbfs
[    1.832256] usbcore: registered new interface driver hub
[    1.833056] usbcore: registered new device driver usb
[    1.833921] PCI: Using ACPI for IRQ routing
[    1.834807] NetLabel: Initializing
[    1.835401] NetLabel:  domain hash size = 128
[    1.836083] NetLabel:  protocols = UNLABELED CIPSOv4
[    1.836849] NetLabel:  unlabeled traffic allowed by default
[    1.837733] amd_nb: Cannot enumerate AMD northbridges
[    1.838524] clocksource: Switched to clocksource kvm-clock
[    1.843835] AppArmor: AppArmor Filesystem Enabled
[    1.844648] pnp: PnP ACPI init
[    1.845711] pnp: PnP ACPI: found 3 devices
[    1.851704] clocksource: acpi_pm: mask: 0xffffff max_cycles: 0xffffff, max_idle_ns: 2085701024 ns
[    1.853102] NET: Registered protocol family 2
[    1.853900] TCP established hash table entries: 16384 (order: 5, 131072 bytes)
[    1.855105] TCP bind hash table entries: 16384 (order:66, 262144 bytes)
[    1.919633] TCP: Hash tables configured (established 16384 bind 16384)
[    2.209454] UDP hash table entries: 1024 (order: 3, 32768 bytes)
[    2.210202] UDP-Lite hash table entries: 1024 (order: 3, 32768 bytes)
[    2.211045] NET: Registered protocol family 1
[    2.258389] pci 0000:00:00.0: Limiting direct PCI/PCI transfers
[    2.259573] pci 0000:00:01.0: Activating ISA DMA hang workarounds
[    2.260594] Unpacking initramfs...
[    2.429757] Freeing initrd memory: 14792K
[    2.430629] platform rtc_cmos: registered platform RTC device (no PNP device found)
[    2.431879] Scanning for low memory corruption every 60 seconds
[    2.432952] audit: initializing netlink subsys (disabled)
[    2.433768] audit: type=2000 audit(1542555156.363:1): initialized
[    2.434836] Initialise system trusted keyring
[    2.435627] HugeTLB registered 2 MB page size, pre-allocated 0 pages
[    2.437405] zbud: loaded
[    2.438104] VFS: Disk quotas dquot_6.6.0
[    2.438760] VFS: Dquot-cache hash table entries: 512 (order 0, 4096 bytes)
[    2.439950] squashfs: version 4.0 (2009/01/31) Phillip Lougher
[    2.441260] fuse init (API version 7.23)
[    2.442051] Key type big_key registered
[    2.442694] Allocating IMA MOK and blacklist keyrings.
[    2.443641] Key type asymmetric registered
[    2.444301] Asymmetric key parser 'x509' registered
[    2.445067] Block layer SCSI generic (bsg) driver version 0.4 loaded (major 249)
[    2.446256] io scheduler noop registered
[    2.446908] io scheduler deadline registered (default)
[    2.447704] io scheduler cfq registered
[    2.448397] pci_hotplug: PCI Hot Plug PCI Core version: 0.5
[    2.449224] pciehp: PCI Express Hot Plug Controller Driver version: 0.4
[    2.450251] ACPI: AC Adapter [AC] (on-line)
[    2.450969] input: Power Button as /devices/LNXSYSTM:00/LNXPWRBN:00/input/input0
[    2.452164] ACPI: Power Button [PWRF]
[    2.452822] input: Sleep Button as /devices/LNXSYSTM:00/LNXSLPBN:00/input/input1
[    2.453994] ACPI: Sleep Button [SLPF]
[    2.455082] ACPI: Battery Slot [BAT0] (battery present)
[    2.455893] GHES: HEST is not enabled!
[    2.456823] virtio-pci 0000:00:03.0: virtio_pci: leaving for legacy driver
[    2.458147] virtio-pci 0000:00:08.0: virtio_pci: leaving for legacy driver
[    2.459343] Serial: 8250/16550 driver, 32 ports, IRQ sharing enabled
[    2.481771] 00:02: ttyS0 at I/O 0x3f8 (irq = 4, base_baud = 115200) is a 16550A
[    2.483718] Linux agpgart interface v0.103
[    2.485069] loop: module loaded
[    2.485958] scsi host0: ata_piix
[    2.486563] scsi host1: ata_piix
[    2.487158] ata1: PATA max UDMA/33 cmd 0x1f0 ctl 0x3f6 bmdma 0xd000 irq 14
[    2.488127] ata2: PATA max UDMA/33 cmd 0x170 ctl 0x376 bmdma 0xd008 irq 15
[    2.489563] libphy: Fixed MDIO Bus: probed
[    2.491883] tun: Universal TUN/TAP device driver, 1.6
[    2.492674] tun: (C) 1999-2004 Max Krasnyansky <maxk@qualcomm.com>
[    2.493986] PPP generic driver version 2.4.2
[    2.494724] ehci_hcd: USB 2.0 'Enhanced' Host Controller (EHCI) Driver
[    2.495688] ehci-pci: EHCI PCI platform driver
[    2.496392] ehci-platform: EHCI generic platform driver
[    2.497177] ohci_hcd: USB 1.1 'Open' Host Controller (OHCI) Driver
[    2.498067] ohci-pci: OHCI PCI platform driver
[    2.498764] ohci-platform: OHCI generic platform driver
[    2.499588] uhci_hcd: USB Universal Host Controller Interface driver
[    2.500541] i8042: PNP: PS/2 Controller [PNP0303:PS2K,PNP0f03:PS2M] at 0x60,0x64 irq 1,12
[    2.502173] serio: i8042 KBD port at 0x60,0x64 irq 1
[    2.502940] serio: i8042 AUX port at 0x60,0x64 irq 12
[    2.503780] mousedev: PS/2 mouse device common for all mice
[    2.504769] input: AT Translated Set 2 keyboard as /devices/platform/i8042/serio0/input/input2
[    2.506354] rtc_cmos rtc_cmos: rtc core: registered rtc_cmos as rtc0
[    2.507327] rtc_cmos rtc_cmos: alarms up to one day, 114 bytes nvram
[    2.508332] i2c /dev entries driver
[    2.508958] device-mapper: uevent: version 1.0.3
[    2.509732] device-mapper: ioctl: 4.34.0-ioctl (2015-10-28) initialised: dm-devel@redhat.com
[    2.511057] ledtrig-cpu: registered to indicate activity on CPUs
[    2.512126] NET: Registered protocol family 10
[    2.512948] NET: Registered protocol family 17
[    2.513651] Key type dns_resolver registered
[    2.514469] registered taskstats version 1
[    2.515159] Loading compiled-in X.509 certificates
[    2.516347] Loaded X.509 cert 'Build time autogenerated kernel key: a88b0f663ecfd40e6a501dee2f0b211d51902e35'
[    2.517820] zswap: loaded using pool lzo/zbud
[    2.519587] Key type trusted registered
[    2.521880] Key type encrypted registered
[    2.522541] AppArmor: AppArmor sha1 policy hashing enabled
[    2.523560] ima: No TPM chip found, activating TPM-bypass!
[    2.524382] ima: Allocated hash algorithm: sha1
[    2.525094] evm: HMAC attrs: 0x1
[    2.525819]   Magic number: 10:452:538
[    2.526445] tty ttyS18: hash matches
[    2.527129] rtc_cmos rtc_cmos: setting system clock to 2018-11-18 15:32:31 UTC (1542555151)
[    2.528466] BIOS EDD facility v0.16 2004-Jun-25, 0 devices found
[    2.529337] EDD information not available.
[    2.649556] Freeing unused kernel memory: 1528K
[    2.652289] Write protecting the kernel read-only data: 14336k
[    2.656739] Freeing unused kernel memory: 1664K
[    2.671946] Freeing unused kernel memory: 92K
Loading, please wait...
starting version 229
[    2.693490] random: udevadm: uninitialized urandom read (16 bytes read, 3 bits of entropy available)
[    2.781687] random: systemd-udevd: uninitialized urandom read (16 bytes read, 3 bits of entropy available)
[    2.782987] random: systemd-udevd: uninitialized urandom read (16 bytes read, 3 bits of entropy available)
[    2.784275] random: systemd-udevd: uninitialized urandom read (16 bytes read, 3 bits of entropy available)
[    2.785522] random: systemd-udevd: uninitialized urandom read (16 bytes read, 3 bits of entropy available)
[    2.787362] random: udevadm: uninitialized urandom read (16 bytes read, 3 bits of entropy available)
[    2.792313] random: systemd-udevd: uninitialized urandom read (16 bytes read, 3 bits of entropy available)
[    3.041934] random: udevadm: uninitialized urandom read (16 bytes read, 3 bits of entropy available)
[    3.043294] random: udevadm: uninitialized urandom read (16 bytes read, 3 bits of entropy available)
[    3.079610] random: udevadm: uninitialized urandom read (16 bytes read, 3 bits of entropy available)
[    3.121901] virtio_net virtio0 enp0s3: renamed from eth0
[    3.134046] Fusion MPT base driver 3.04.20
[    3.134633] Copyright (c) 1999-2008 LSI Corporation
[    3.137677] Fusion MPT SPI Host driver 3.04.20
[    3.158987] mptbase: ioc0: Initiating bringup
[    3.243974] virtio_net virtio1 enp0s8: renamed from eth1
[    3.341350] AVX2 version of gcm_enc/dec engaged.
[    3.342145] AES CTR mode by8 optimization enabled
[    3.343957] input: ImExPS/2 Generic Explorer Mouse as /devices/platform/i8042/serio1/input/input4
[    3.593053] tsc: Refined TSC clocksource calibration: 1992.928 MHz
[    3.959459] clocksource: tsc: mask: 0xffffffffffffffff max_cycles: 0x39742b34dd0, max_idle_ns: 881590692585 ns
[    4.095062] ioc0: LSI53C1030 A0: Capabilities={Initiator}
[    4.274296] scsi host2: ioc0: LSI53C1030 A0, FwRev=00000000h, Ports=1, MaxQ=256, IRQ=20
[    4.460390] scsi 2:0:0:0: Direct-Access     VBOX     HARDDISK         1.0  PQ: 0 ANSI: 5
[    4.473748] scsi target2:0:0: Beginning Domain Validation
[    4.590455] scsi target2:0:0: Domain Validation skipping write tests
[    4.591276] scsi target2:0:0: Ending Domain Validation
[    4.591984] scsi target2:0:0: asynchronous
[    4.833293] scsi 2:0:1:0: Direct-Access     VBOX     HARDDISK         1.0  PQ: 0 ANSI: 5
[    4.869958] scsi target2:0:1: Beginning Domain Validation
[    4.871291] scsi target2:0:1: Domain Validation skipping write tests
[    4.872083] scsi target2:0:1: Ending Domain Validation
[    4.879599] scsi target2:0:1: asynchronous
[    4.902193] sd 2:0:0:0: Attached scsi generic sg0 type 0
[    4.919660] sd 2:0:0:0: [sda] 20971520 512-byte logical blocks: (10.7 GB/10.0 GiB)
[    4.940010] sd 2:0:1:0: [sdb] 20480 512-byte logical blocks: (10.5 MB/10.0 MiB)
[    4.970156] sd 2:0:1:0: Attached scsi generic sg1 type 0
[    4.971093] sd 2:0:0:0: [sda] Write Protect is off
[    4.971754] sd 2:0:1:0: [sdb] Write Protect is off
[    4.972455] sd 2:0:0:0: [sda] Incomplete mode parameter data
[    4.973178] sd 2:0:0:0: [sda] Assuming drive cache: write through
[    4.973972] sd 2:0:1:0: [sdb] Incomplete mode parameter data
[    4.974703] sd 2:0:1:0: [sdb] Assuming drive cache: write through
[    4.976398]  sda: sda1
[    4.977209] sd 2:0:0:0: [sda] Attached SCSI disk
[    4.978340] sd 2:0:1:0: [sdb] Attached SCSI disk
Begin: Loading e[    6.355450] md: linear personality registered for level -1
ssential drivers ... [    6.582355] md: multipath personality registered for level -4
[    6.585475] md: raid0 personality registered for level 0
[    6.589191] md: raid1 personality registered for level 1
[    6.668887] raid6: sse2x1   gen() 13291 MB/s
[    7.088867] raid6: sse2x1   xor() 10372 MB/s
[    7.238834] raid6: sse2x2   gen() 17125 MB/s
[    7.398897] raid6: sse2x2   xor() 11594 MB/s
[    7.538864] raid6: sse2x4   gen() 18994 MB/s
[    7.658873] raid6: sse2x4   xor() 11167 MB/s
[    7.731010] raid6: avx2x1   gen() 23318 MB/s
[    7.888875] raid6: avx2x2   gen() 31495 MB/s
[    8.248885] raid6: avx2x4   gen() 34412 MB/s
[    8.379360] raid6: using algorithm avx2x4 gen() 34412 MB/s
[    8.380105] raid6: using avx2x2 recovery algorithm
[    8.382288] xor: automatically using best checksumming function:
[    8.478883]    avx       : 68359.000 MB/sec
[    8.630798] async_tx: api initialized (async)
[    8.640334] md: raid6 personality registered for level 6
[    8.641039] md: raid5 personality registered for level 5
[    8.641720] md: raid4 personality registered for level 4
[    8.646473] md: raid10 personality registered for level 10
done.
Begin: Running /scripts/init-premount ... done.
Begin: Mounting root file system ... Begin: Running /scripts/local-top ... done.
Begin: Running[    8.699085] Btrfs loaded
 /scripts/local-premount ... Scanning for Btrfs filesystems
done.
Warning: fsck not present, so skipping root file system
[    8.846661] EXT4-fs (sda1): mounted filesystem with ordered data mode. Opts: (null)
done.
Begin: Running /scripts/local-bottom ... done.
Begin: Running /scripts/init-bottom ... done.
[    9.895466] random: nonblocking pool is initialized
[   10.089857] systemd[1]: systemd 229 running in system mode. (+PAM +AUDIT +SELINUX +IMA +APPARMOR +SMACK +SYSVINIT +UTMP +LIBCRYPTSETUP +GCRYPT +GNUTLS +ACL +XZ -LZ4 +SECCOMP +BLKID +ELFUTILS +KMOD -IDN)
[   10.201499] systemd[1]: Detected virtualization oracle.
[   10.202416] systemd[1]: Detected architecture x86-64.

Welcome to [1mUbuntu 16.04.5 LTS[0m!

[   10.554919] systemd[1]: Set hostname to <dockhost>.
[   12.325510] systemd[1]: Created slice User and Session Slice.
[[0;32m  OK  [0m] Created slice User and Session Slice.
[   12.332410] systemd[1]: Reached target Encrypted Volumes.
[[0;32m  OK  [0m] Reached target Encrypted Volumes.
[   12.336711] systemd[1]: Listening on Journal Audit Socket.
[[0;32m  OK  [0m] Listening on Journal Audit Socket.
[   12.387265] systemd[1]: Reached target User and Group Name Lookups.
[[0;32m  OK  [0m] Reached target User and Group Name Lookups.
[   12.852486] systemd[1]: Reached target System Time Synchronized.
[[0;32m  OK  [0m] Reached target System Time Synchronized.
[   12.854164] systemd[1]: Listening on /dev/initctl Compatibility Named Pipe.
[[0;32m  OK  [0m] Listening on /dev/initctl Compatibility Named Pipe.
[   12.856046] systemd[1]: Listening on udev Control Socket.
[[0;32m  OK  [0m] Listening on udev Control Socket.
[   12.857717] systemd[1]: Set up automount Arbitrary Executable File Formats File System Automount Point.
[[0;32m  OK  [0m] Set up automount Arbitrary Executab...ats File System Automount Point.
[   12.860032] systemd[1]: Reached target Swap.
[[0;32m  OK  [0m] Reached target Swap.
[   12.861642] systemd[1]: Created slice System Slice.
[[0;32m  OK  [0m] Created slice System Slice.
[   12.930265] systemd[1]: Reached target Slices.
[[0;32m  OK  [0m] Reached target Slices.
[   12.931738] systemd[1]: Listening on Journal Socket.
[[0;32m  OK  [0m] Listening on Journal Socket.
[   12.933659] systemd[1]: Mounting Debug File System...
         Mounting Debug File System...
[   12.935489] systemd[1]: Starting Uncomplicated firewall...
         Starting Uncomplicated firewall...
[   12.937631] systemd[1]: Starting Remount Root and Kernel File Systems...
         Starting Remount Root and Kernel File Systems...
[   12.988293] systemd[1]: Starting Load Kernel Modules...
         Starting Load Kernel Modules...
[   12.993726] systemd[1]: Starting Create list of required static device nodes for the current kernel...
         Starting Create list of required st... nodes for the current kernel...
[   12.998424] systemd[1]: Starting Set console keymap...
         Starting Set console keymap...
[   13.004273] systemd[1]: Starting Nameserver information manager...
         Starting Nameserver information manager...
[   13.008723] systemd[1]: Mounting Huge Pages File System...
         Mounting Huge Pages File System...
[   13.012967] systemd[1]: Listening on udev Kernel Socket.
[[0;32m  OK  [0m] Listening on udev Kernel Socket.
[   13.182679] systemd[1]: Listening on Journal Socket (/dev/log).
[[0;32m  OK  [0m] Listening on Journal Socket (/dev/log).
[   13.320806] systemd[1]: Listening on Device-mapper event daemon FIFOs.
[[0;32m  OK  [0m] Listening on Device-mapper event daemon FIFOs.
[   13.322757] systemd[1]: Created slice system-serial\x2dgetty.slice.
[[0;32m  OK  [0m] Created slice system-serial\x2dgetty.slice.
[   13.324556] systemd[1]: Listening on LVM2 metadata daemon socket.
[[0;32m  OK  [0m] Listening on LVM2 metadata daemon socket.
[   13.326235] systemd[1]: Listening on LVM2 poll daemon socket.
[[0;32m  OK  [0m] Listening on LVM2 poll daemon socket.
[   13.328272] systemd[1]: Starting Monitoring of LVM2 mirrors, snapshots etc. using dmeventd or progress polling...
         Starting Monitoring of LVM2 mirrors... dmeventd or progress polling...
[   13.358627] systemd[1]: Started Forward Password Requests to Wall Directory Watch.
[[0;32m  OK  [0m] Started Forward Password Requests to Wall Directory Watch.
[   13.403341] systemd[1]: Listening on Syslog Socket.
[[0;32m  OK  [0[   13.423127] Loading iSCSI transport class v2.0-870.
m] Listening on Syslog Socket.
[   13.743890] systedd11]: Starting Journal Service...
[   13.951343] EXT4-fs (sda1): re-mounted. Opts: (null)
         Starting Journal Service...
[   14.114623] systemd[1]: Started Trigger resolvconf update for networkd DNS.
[[0;32m  OK  [0m] Started Trigger resolvconf update for networkd DNS.
[   14.213345] systemd[1]: Mounting POSIX Message Queue File System...
         Mounting POSIX Message Queue File System...
[   14.217498] systemd[1]: Mounted Huge Pages File System.
[[0;32m  OK  [0m] Mounted Huge Pages File System.
[   14.225242] systemd[1]: Mounted Debug File System.
[[0;32m  OK  [0m] Mounted Debug File System.
[   14.228158] systemd[1]: Mounted POSIX Message Queue File System.
[[0;32m  OK  [0m] Mounted POSIX Message Queue File System.
[   14.236872] systemd[1]: Started Uncomplicated firewall.
[[0;32m  OK  [0m] Started Uncomplicated firewall.
[   14.241316] systemd[1]: Started Remount Root and Kernel File Systems.
[[0;32m  OK  [0m] Started Remount Root and Kernel File Systems.
[   14.243806] systemd[1]: Started Create list of required static device nodes for the current kernel.
[[0;32m  OK  [0m] Started Create list of required sta...ce nodes for the current kernel.
[   14.277804] systemd[1]: Starting Create Static Device Nodes in /dev...
         Starting Create Static Device No[   14.680777] iscsi: registered transport (tcp)
des in /dev...
[   14.805132] systemd[1]: Starting udev Coldplug all Devices...
         Starting udev Coldplug all Devices...
[   14.832002] systemd[1]: Starting Load/Save Random Seed...
         Starting Load/Save Random Seed...
[   14.834663] systemd[1]: Started Nameserver information manager.
[[0;32m  OK  [0m] Started Nameserver information manager.
[   15.005152] systemd[1]: Started LVM2 metadata daemon.
[[0;32m  OK  [0m] Started LVM2 metadata daemon.
[   15.100520] systemd[1]: Started Journal Service.
[[0;32m  OK  [0m] Started Journal Service.
[[0;32m  OK  [0m] Started Set console keymap.
[[0;32m  OK  [0m] Started Load/Save Random Seed.
         Starting Flush Journal to Persistent Storage...
[[0;32m  OK  [0m] Started udev Coldplug all Devices.
[   15.518711] iscsi: registered transport (iser)
[[0;32m  OK  [0m] Started Load Kernel Modules.
         Starting Apply Kernel Variables...
         Mounting FUSE Control File System...
[[0;32m  OK  [0m] Mounted FUSE Control File System.
[   15.586138] systemd-journald[394]: Rcceived requesttt  flush runtime journal from PID 1
[[0;32m  OK  [0m] Started Flush Journal to Persistent Storage.
[[0;32m  OK  [0m] Started Monitoring of LVM2 mirrors,...ng dmeventd or progress polling.
[[0;32m  OK  [0m] Started Create Static Device Nodes in /dev.
[[0;32m  OK  [0m] Reached target Local File Systems (Pre).
[[0;32m  OK  [0m] Reached target Local File Systems.
         Starting Create Volatile Files and Directories...
         Starting Set console font and keymap...
         Starting Tell Plymouth To Write Out Runtime Data...
         Starting Initial cloud-init job (pre-networking)...
         Starting LSB: AppArmor initialization...
         Starting udev Kernel Device Manager...
[[0;32m  OK  [0m] Started Apply Kernel Variables.
[[0;32m  OK  [0m] Started Tell Plymouth To Write Out Runtime Data.
[[0;32m  OK  [0m] Started Create Volatile Files and Directories.
         Starting Update UTMP about System Boot/Shutdown...
[[0;32m  OK  [0m] Started Set console font and keymap.
[[0;32m  OK  [0m] Created slice system-getty.slice.
[[0;32m  OK  [0m] Started Update UTMP about System Boot/Shutdown.
[[0;32m  OK  [0m] Started udev Kernel Device Manager.
[[0;32m  OK  [0m] Started Dispatch Password Requests to Console Directory Watch.
[[0;32m  OK  [0m] Found device /dev/ttyS0.
[[0;32m  OK  [0m] Listening on Load/Save RF Kill Switch Status /dev/rfkill Watch.
[[0;32m  OK  [0m] Found device Virtio network device.
[[0;32m  OK  [0m] Found device Virtio network device.
[[0;32m  OK  [0m] Started LSB: AppArmor initialization.
[   22.173358] cloud-init[473]: Cloud-init v. 18.4-0ubuntu1~16.04.2 running 'init-local' at Sun, 18 Nov 2018 15:32:51 +0000. Up 21.34 seconds.
[[0;32m  OK  [0m] Started Initial cloud-init job (pre-networking).
[[0;32m  OK  [0m] Reached target Network (Pre).
         Starting Raise network interfaces...
[[0;32m  OK  [0m] Started ifup for enp0s8.
[[0;32m  OK  [0m] Started ifup for enp0s3.
[[0;32m  OK  [0m] Started Raise network interfaces.
         Starting Initial cloud-init job (metadata service crawler)...
[[0;32m  OK  [0m] Reached target Network.
[   23.653081] cloud-init[1073]: Cloud-init v. 18.4-0ubuntu1~16.04.2 running 'init' at Sun, 18 Nov 2018 15:32:53 +0000. Up 22.95 seconds.
[   23.657599] cloud-init[1073]: ci-info: ++++++++++++++++++++++++++++++++++++++Net device info+++++++++++++++++++++++++++++++++++++++
[   23.659538] cloud-init[1073]: ci-info: +--------+------+-----------------------------+---------------+--------+-------------------+
[   23.664709] cloud-init[1073]: ci-info: | Device |  Up  |           Address           |      Mask     | Scope  |     Hw-Address    |
[[0;32m  OK  [0m] Started Initial cloud-init job (metadata service crawler).[   23.712761] cloud-init[1073]: ci-info: +--------+------+-----------------------------+---------------+--------+-------------------+
[   23.714793] cloud-init[1073]: ci-info: | enp0s3 | True |          10.0.2.15          | 255.255.255.0 | global | 02:6c:0f:88:42:07 |
[[0;32m  OK  [0m] Reached target System Initialization.
[[0;32m  OK  [0m] Listening on D-Bus System Message Bus Socket.
[   23.720412] cloud-init[1073]: ci-info: | enp0s3 | True |  fe80::6c:fff:fe88:4207/64  |       .       |  link  | 02:6c:0f:88:42:07 |
[   23.722293] cloud-init[1073]: ci-info: | enp0s8 | True |         172.16.0.100        | 255.255.255.0 | global | 08:00:27:2f:bc:49 |
[   23.723121] cloud-init[1073]: ci-info: | enp0s8 | True | fe80::a00:27ff:fe2f:bc49/64 |       .       |  link  | 08:00:27:2f:bc:49 |
[   23.723162] cloud-init[1073]: ci-info: |   lo   | True |          127.0.0.1          |   255.0.0.0   |  host  |         .         |
[   23.723211] cloud-init[1073]: ci-info: |   lo   | True |           ::1/128           |       .       |  host  |         .         |
[   23.723250] cloud-init[1073]: ci-info: +--------+------+-----------------------------+---------------+--------+-------------------+
[   23.723284] cloud-init[1073]: ci-info: +++++++++++++++++++++++++++Route IPv4 info++++++++++++++++++++++++++++
[   23.723320] cloud-init[1073]: ci-info: +-------+-------------+----------+---------------+-----------+-------+
[   23.723356] cloud-init[1073]: ci-info: | Route | Destination | Gateway  |    Genmask    | Interface | Flags |
[   23.723390] cloud-init[1073]: ci-info: +-------+-------------+----------+---------------+-----------+-------+
[   23.723424] cloud-init[1073]: ci-info: |   0   |   0.0.0.0   | 10.0.2.2 |    0.0.0.0    |   enp0s3  |   UG  |
[   23.723463] cloud-init[1073]: ci-info: |   1   |   10.0.2.0  | 0.0.0.0  | 255.255.255.0 |   enp0s3  |   U   |
[   23.723498] cloud-init[1073]: ci-info: |   2   |  172.16.0.0 | 0.0.0.0  | 255.255.255.0 |   enp0s8  |   U   |
[   23.723531] cloud-init[1073]: ci-info: +-------+-------------+----------+---------------+-----------+-------+
[   23.723565] cloud-init[1073]: ci-info: +++++++++++++++++++Route IPv6 info+++++++++++++++++++
[   23.723598] cloud-init[1073]: ci-info: +-------+-------------+---------+-----------+-------+
[   23.723656] cloud-init[1073]: ci-info: | Route | Destination | Gateway | Interface | Flags |
[   23.723694] cloud-init[1073]: ci-info: +-------+-------------+---------+-----------+-------+
[   23.723732] cloud-init[1073]: ci-info: |   0   |  fe80::/64  |    ::   |   enp0s8  |   U   |
[   23.723776] cloud-init[1073]: ci-info: |   1   |  fe80::/64  |    ::   |   enp0s3  |   U   |
[   23.723813] cloud-init[1073]: ci-info: |   4   |   ff00::/8  |    ::   |   enp0s8  |   U   |
[   23.723847] cloud-init[1073]: ci-info: |   5   |   ff00::/8  |    ::   |   enp0s3  |   U   |
[   23.723880] cloud-init[1073]: ci-info: +-------+-------------+---------+-----------+-------+

[[0;32m  OK  [0m] Started Daily apt download activities.
[[0;32m  OK  [0m] Started Daily Cleanup of Temporary Directories.
         Starting Socket activation for snappy daemon.
[[0;32m  OK  [0m] Started ACPI Events Check.
[[0;32m  OK  [0m] Reached target Paths.
         Starting LXD - unix socket.
[[0;32m  OK  [0m] Listening on ACPID Listen Socket.
[[0;32m  OK  [0m] Listening on UUID daemon activation socket.
[[0;32m  OK  [0m] Started Daily apt upgrade and clean activities.
[[0;32m  OK  [0m] Reached target Timers.
[[0;32m  OK  [0m] Reached target Network is Online.
         Starting iSCSI initiator daemon (iscsid)...
[[0;32m  OK  [0m] Reached target Cloud-config availability.
[[0;32m  OK  [0m] Listening on Socket activation for snappy daemon.
[[0;32m  OK  [0m] Listening on LXD - unix socket.
[[0;32m  OK  [0m] Reached target Sockets.
[[0;32m  OK  [0m] Reached target Basic System.
[[0;32m  OK  [0m] Started FUSE filesystem for LXC.
         Starting Virtualbox guest utils...
         Starting System Logging Service...
         Starting /etc/rc.local Compatibility...
[[0;32m  OK  [0m] Started Regular background program processing daemon.
         Starting Accounts Service...
         Starting LSB: Record successful boot for GRUB...
         Starting Login Service...
[[0;32m  OK  [0m] Started Deferred execution scheduler.
[[0;32m  OK  [0m] Started D-Bus System Message Bus.
         Starting LXD - container startup/shutdown...
         Starting OpenBSD Secure Shell server...
[[0;32m  OK  [0m] Started ACPI event daemon.
         Starting LSB: MD monitoring daemon...
[[0;32m  OK  [0m] Started Unattended Upgrades Shutdown.
         Starting Snappy daemon...
[[0;32m  OK  [0m] Started System Logging Service.
[[0;32m  OK  [0m] Started iSCSI initiator daemon (iscsid).
[[0;32m  OK  [0m] Started /etc/rc.local Compatibility.
[[0;32m  OK  [0m] Started Login Service.
         Starting Login to default iSCSI targets...
         Starting Authenticate and Authorize Users to Run Privileged Tasks...
[[0;32m  OK  [0m] Started Login to default iSCSI targets.
[[0;32m  OK  [0m] Reached target Remote File Systems (Pre).
[[0;32m  OK  [0m] Reached target Remote File Systems.
         Starting LSB: daemon to balance interrupts for SMP systems...
         Starting Permit User Sessions...
         Starting LSB: Set the CPU Frequency Scaling governor to "ondemand"...
         Starting LSB: automatic crash report generation...
[[0;32m  OK  [0m] Started LSB: Set the CPU Frequency Scaling governor to "ondemand".
[[0;32m  OK  [0m] Started LSB: Record successful boot for GRUB.
[[0;32m  OK  [0m] Started Authenticate and Authorize Users to Run Privileged Tasks.
[[0;32m  OK  [0m] Started Accounts Service.
[[0;32m  OK  [0m] Started LSB: MD monitoring daemon.
[[0;32m  OK  [0m] Started Permit User Sessions.
[[0;32m  OK  [0m] Started LSB: daemon to balance interrupts for SMP systems.
         Starting Terminate Plymouth Boot Screen...
         Starting Hold until boot process finishes up...
[[0;32m  OK  [0m] Started Hold until boot process finishes up.
[[0;32m  OK  [0m] Started Terminate Plymouth Boot Screen.
[[0;32m  OK  [0m] Started Getty on tty1.
[[0;32m  OK  [0m] Started Serial Getty on ttyS0.
[[0;32m  OK  [0m] Reached target Login Prompts.
         Starting Set console scheme...
[[0;32m  OK  [0m] Started Set console scheme.
[[0;32m  OK  [0m] Started LSB: automatic crash report generation.
[[0;32m  OK  [0m] Started Virtualbox guest utils.
[[0;32m  OK  [0m] Started OpenBSD Secure Shell server.
[[0;32m  OK  [0m] Created slice User Slice of vagrant.
         Starting User Manager for UID 1000...
[[0;32m  OK  [0m] Started Session 1 of user vagrant.
[[0;32m  OK  [0m] Started User Manager for UID 1000.
[[0;32m  OK  [0m] Started LXD - container startup/shutdown.
[[0;32m  OK  [0m] Started Snappy daemon.
         Starting Wait until snapd is fully seeded...
[[0;32m  OK  [0m] Started Wait until snapd is fully seeded.
[[0;32m  OK  [0m] Reached target Multi-User System.
[[0;32m  OK  [0m] Reached target Graphical Interface.
         Starting Update UTMP about System Runlevel Changes...
         Starting Apply the settings specified in cloud-config...
[[0;32m  OK  [0m] Started Update UTMP about System Runlevel Changes.
[   31.279429] cloud-init[1385]: Cloud-init v. 18.4-0ubuntu1~16.04.2 running 'modules:config' at Sun, 18 Nov 2018 15:33:01 +0000. Up 30.62 seconds.
[[0;32m  OK  [0m] Started Apply the settings specified in cloud-config.
[   31.890726] cloud-init[1421]: Cloud-init v. 18.4-0ubuntu1~16.04.2 running 'modules:final' at Sun, 18 Nov 2018 15:33:02 +0000. Up 31.70 seconds.
[   31.913664] cloud-init[1421]: Cloud-init v. 18.4-0ubuntu1~16.04.2 finished at Sun, 18 Nov 2018 15:33:02 +0000. Datasource DataSourceNoCloud [seed=/dev/sdb][dsmode=net].  Up 31.87 seconds

Ubuntu 16.04.5 LTS dockhost ttyS0

dockhost login: 